<?xml version="1.0" encoding="UTF-8"?>
<testng-results skipped="0" failed="0" ignored="0" total="6" passed="6">
  <reporter-output>
  </reporter-output>
  <suite name="Surefire suite" duration-ms="67" started-at="2022-03-21T22:16:20 MYT" finished-at="2022-03-21T22:16:20 MYT">
    <groups>
    </groups>
    <test name="Surefire test" duration-ms="67" started-at="2022-03-21T22:16:20 MYT" finished-at="2022-03-21T22:16:20 MYT">
      <class name="QAMavenProject.MavenJava.SeleniumTest">
        <test-method status="PASS" signature="browserAutomation1()" name="browserAutomation1" duration-ms="0" started-at="2022-03-21T22:16:20 MYT" finished-at="2022-03-21T22:16:20 MYT">
          <reporter-output>
          </reporter-output>
        </test-method> <!-- browserAutomation1 -->
        <test-method status="PASS" signature="browserAutomation2()" name="browserAutomation2" duration-ms="1" started-at="2022-03-21T22:16:20 MYT" finished-at="2022-03-21T22:16:20 MYT">
          <reporter-output>
          </reporter-output>
        </test-method> <!-- browserAutomation2 -->
      </class> <!-- QAMavenProject.MavenJava.SeleniumTest -->
      <class name="QAMavenProject.MavenJava.RESTAPITest">
        <test-method status="PASS" signature="jiraAutomation2()" name="jiraAutomation2" duration-ms="1" started-at="2022-03-21T22:16:20 MYT" finished-at="2022-03-21T22:16:20 MYT">
          <reporter-output>
          </reporter-output>
        </test-method> <!-- jiraAutomation2 -->
        <test-method status="PASS" signature="jiraAutomation1()" name="jiraAutomation1" duration-ms="1" started-at="2022-03-21T22:16:20 MYT" finished-at="2022-03-21T22:16:20 MYT">
          <reporter-output>
          </reporter-output>
        </test-method> <!-- jiraAutomation1 -->
      </class> <!-- QAMavenProject.MavenJava.RESTAPITest -->
      <class name="QAMavenProject.MavenJava.AppiumTest">
        <test-method status="PASS" signature="mobileAutomation1()" name="mobileAutomation1" duration-ms="9" started-at="2022-03-21T22:16:20 MYT" finished-at="2022-03-21T22:16:20 MYT">
          <reporter-output>
          </reporter-output>
        </test-method> <!-- mobileAutomation1 -->
        <test-method status="PASS" signature="mobileAutomation2()" name="mobileAutomation2" duration-ms="7" started-at="2022-03-21T22:16:20 MYT" finished-at="2022-03-21T22:16:20 MYT">
          <reporter-output>
          </reporter-output>
        </test-method> <!-- mobileAutomation2 -->
      </class> <!-- QAMavenProject.MavenJava.AppiumTest -->
    </test> <!-- Surefire test -->
  </suite> <!-- Surefire suite -->
</testng-results>
