<?xml version="1.0" encoding="UTF-8"?>
<testng-results ignored="0" total="3" passed="3" failed="0" skipped="0">
  <reporter-output>
  </reporter-output>
  <suite started-at="2022-03-16T22:38:08 MYT" name="Default suite" finished-at="2022-03-16T22:38:09 MYT" duration-ms="155">
    <groups>
    </groups>
    <test started-at="2022-03-16T22:38:08 MYT" name="Default test" finished-at="2022-03-16T22:38:09 MYT" duration-ms="155">
      <class name="test.day3">
        <test-method signature="callDataProvider(java.lang.String,java.lang.String)[pri:0, instance:test.day3@865dd6]" started-at="2022-03-16T22:38:09 MYT" name="callDataProvider" data-provider="getData" finished-at="2022-03-16T22:38:09 MYT" duration-ms="39" status="PASS">
          <params>
            <param index="0">
              <value>
                <![CDATA[firstUsername]]>
              </value>
            </param>
            <param index="1">
              <value>
                <![CDATA[firstPassword]]>
              </value>
            </param>
          </params>
          <reporter-output>
          </reporter-output>
        </test-method> <!-- callDataProvider -->
        <test-method signature="callDataProvider(java.lang.String,java.lang.String)[pri:0, instance:test.day3@865dd6]" started-at="2022-03-16T22:38:09 MYT" name="callDataProvider" data-provider="getData" finished-at="2022-03-16T22:38:09 MYT" duration-ms="2" status="PASS">
          <params>
            <param index="0">
              <value>
                <![CDATA[secondUsername]]>
              </value>
            </param>
            <param index="1">
              <value>
                <![CDATA[secondPassword]]>
              </value>
            </param>
          </params>
          <reporter-output>
          </reporter-output>
        </test-method> <!-- callDataProvider -->
        <test-method signature="callDataProvider(java.lang.String,java.lang.String)[pri:0, instance:test.day3@865dd6]" started-at="2022-03-16T22:38:09 MYT" name="callDataProvider" data-provider="getData" finished-at="2022-03-16T22:38:09 MYT" duration-ms="3" status="PASS">
          <params>
            <param index="0">
              <value>
                <![CDATA[thirdUsername]]>
              </value>
            </param>
            <param index="1">
              <value>
                <![CDATA[thirdPassword]]>
              </value>
            </param>
          </params>
          <reporter-output>
          </reporter-output>
        </test-method> <!-- callDataProvider -->
      </class> <!-- test.day3 -->
    </test> <!-- Default test -->
  </suite> <!-- Default suite -->
</testng-results>
