<?xml version="1.0" encoding="UTF-8"?>
<!-- Generated by org.testng.reporters.JUnitXMLReporter -->
<testsuite ignored="0" hostname="YanJuns-MacBook-Pro.local" failures="0" tests="3" name="Default test" time="0.155" errors="0" timestamp="2022-03-16T22:38:09 MYT">
  <testcase classname="test.day3" name="callDataProvider" time="0.039"/>
  <testcase classname="test.day3" name="callDataProvider" time="0.002"/>
  <testcase classname="test.day3" name="callDataProvider" time="0.003"/>
</testsuite> <!-- Default test -->
