<?xml version="1.0" encoding="UTF-8"?>
<testng-results skipped="0" failed="0" ignored="0" total="6" passed="6">
  <reporter-output>
  </reporter-output>
  <suite name="Suite" duration-ms="77" started-at="2022-03-21T22:28:58 MYT" finished-at="2022-03-21T22:28:58 MYT">
    <groups>
    </groups>
    <test name="Test" duration-ms="77" started-at="2022-03-21T22:28:58 MYT" finished-at="2022-03-21T22:28:58 MYT">
      <class name="QAMavenProject.MavenJava.SeleniumTest">
        <test-method status="PASS" signature="browserAutomation1()[pri:0, instance:QAMavenProject.MavenJava.SeleniumTest@3632be31]" name="browserAutomation1" duration-ms="0" started-at="2022-03-21T22:28:58 MYT" finished-at="2022-03-21T22:28:58 MYT">
          <reporter-output>
          </reporter-output>
        </test-method> <!-- browserAutomation1 -->
        <test-method status="PASS" signature="browserAutomation2()[pri:0, instance:QAMavenProject.MavenJava.SeleniumTest@3632be31]" name="browserAutomation2" duration-ms="0" started-at="2022-03-21T22:28:58 MYT" finished-at="2022-03-21T22:28:58 MYT">
          <reporter-output>
          </reporter-output>
        </test-method> <!-- browserAutomation2 -->
      </class> <!-- QAMavenProject.MavenJava.SeleniumTest -->
      <class name="QAMavenProject.MavenJava.RESTAPITest">
        <test-method status="PASS" signature="jiraAutomation1()[pri:0, instance:QAMavenProject.MavenJava.RESTAPITest@4e1d422d]" name="jiraAutomation1" duration-ms="6" started-at="2022-03-21T22:28:58 MYT" finished-at="2022-03-21T22:28:58 MYT">
          <reporter-output>
          </reporter-output>
        </test-method> <!-- jiraAutomation1 -->
        <test-method status="PASS" signature="jiraAutomation2()[pri:0, instance:QAMavenProject.MavenJava.RESTAPITest@4e1d422d]" name="jiraAutomation2" duration-ms="1" started-at="2022-03-21T22:28:58 MYT" finished-at="2022-03-21T22:28:58 MYT">
          <reporter-output>
          </reporter-output>
        </test-method> <!-- jiraAutomation2 -->
      </class> <!-- QAMavenProject.MavenJava.RESTAPITest -->
      <class name="QAMavenProject.MavenJava.AppiumTest">
        <test-method status="PASS" signature="mobileAutomation1()[pri:0, instance:QAMavenProject.MavenJava.AppiumTest@56235b8e]" name="mobileAutomation1" duration-ms="1" started-at="2022-03-21T22:28:58 MYT" finished-at="2022-03-21T22:28:58 MYT">
          <reporter-output>
          </reporter-output>
        </test-method> <!-- mobileAutomation1 -->
        <test-method status="PASS" signature="mobileAutomation2()[pri:0, instance:QAMavenProject.MavenJava.AppiumTest@56235b8e]" name="mobileAutomation2" duration-ms="1" started-at="2022-03-21T22:28:58 MYT" finished-at="2022-03-21T22:28:58 MYT">
          <reporter-output>
          </reporter-output>
        </test-method> <!-- mobileAutomation2 -->
      </class> <!-- QAMavenProject.MavenJava.AppiumTest -->
    </test> <!-- Test -->
  </suite> <!-- Suite -->
</testng-results>
