<?xml version="1.0" encoding="UTF-8"?>
<!-- Generated by org.testng.reporters.JUnitXMLReporter -->
<testsuite hostname="YanJuns-MacBook-Pro.local" ignored="0" name="Surefire test" tests="6" failures="0" timestamp="2022-03-21T22:16:20 MYT" time="0.067" errors="0">
  <testcase name="mobileAutomation1 on mobileAutomation1(QAMavenProject.MavenJava.AppiumTest)" time="0.009" classname="QAMavenProject.MavenJava.AppiumTest"/>
  <testcase name="mobileAutomation2 on mobileAutomation2(QAMavenProject.MavenJava.AppiumTest)" time="0.007" classname="QAMavenProject.MavenJava.AppiumTest"/>
  <testcase name="browserAutomation1 on browserAutomation1(QAMavenProject.MavenJava.SeleniumTest)" time="0.0" classname="QAMavenProject.MavenJava.SeleniumTest"/>
  <testcase name="browserAutomation2 on browserAutomation2(QAMavenProject.MavenJava.SeleniumTest)" time="0.001" classname="QAMavenProject.MavenJava.SeleniumTest"/>
  <testcase name="jiraAutomation1 on jiraAutomation1(QAMavenProject.MavenJava.RESTAPITest)" time="0.001" classname="QAMavenProject.MavenJava.RESTAPITest"/>
  <testcase name="jiraAutomation2 on jiraAutomation2(QAMavenProject.MavenJava.RESTAPITest)" time="0.001" classname="QAMavenProject.MavenJava.RESTAPITest"/>
</testsuite> <!-- Surefire test -->
