<?xml version="1.0" encoding="UTF-8"?>
<testng-results ignored="0" total="0" passed="0" failed="0" skipped="0">
  <reporter-output>
  </reporter-output>
  <suite started-at="2022-04-19T18:26:55 MYT" name="Page Object Model" finished-at="2022-04-19T18:26:55 MYT" duration-ms="19">
    <groups>
    </groups>
    <test started-at="2022-04-19T18:26:55 MYT" name="testCases" finished-at="2022-04-19T18:26:55 MYT" duration-ms="19">
    </test> <!-- testCases -->
  </suite> <!-- Page Object Model -->
</testng-results>
