<?xml version="1.0" encoding="UTF-8"?>
<!-- Generated by org.testng.reporters.JUnitXMLReporter -->
<testsuite hostname="YanJuns-MacBook-Pro.local" ignored="0" name="Test" tests="6" failures="0" timestamp="2022-03-21T22:28:58 MYT" time="0.077" errors="0">
  <testcase name="jiraAutomation1" time="0.006" classname="QAMavenProject.MavenJava.RESTAPITest"/>
  <testcase name="jiraAutomation2" time="0.001" classname="QAMavenProject.MavenJava.RESTAPITest"/>
  <testcase name="mobileAutomation1" time="0.001" classname="QAMavenProject.MavenJava.AppiumTest"/>
  <testcase name="mobileAutomation2" time="0.001" classname="QAMavenProject.MavenJava.AppiumTest"/>
  <testcase name="browserAutomation1" time="0.0" classname="QAMavenProject.MavenJava.SeleniumTest"/>
  <testcase name="browserAutomation2" time="0.0" classname="QAMavenProject.MavenJava.SeleniumTest"/>
</testsuite> <!-- Test -->
