<?xml version="1.0" encoding="UTF-8"?>
<testng-results skipped="0" failed="0" ignored="0" total="0" passed="0">
  <reporter-output>
  </reporter-output>
  <suite name="Surefire suite" duration-ms="16" started-at="2022-03-21T22:16:19 MYT" finished-at="2022-03-21T22:16:19 MYT">
    <groups>
    </groups>
    <test name="Surefire test" duration-ms="16" started-at="2022-03-21T22:16:19 MYT" finished-at="2022-03-21T22:16:19 MYT">
    </test> <!-- Surefire test -->
  </suite> <!-- Surefire suite -->
</testng-results>
