<?xml version="1.0" encoding="UTF-8"?>
<!-- Generated by org.testng.reporters.JUnitXMLReporter -->
<testsuite hostname="YanJuns-MacBook-Pro.local" ignored="0" name="Surefire test" tests="7" failures="0" timestamp="2022-03-21T22:08:02 MYT" time="0.102" errors="0">
  <testcase name="shouldAnswerWithTrue on shouldAnswerWithTrue(QAMavenProject.MavenJava.AppTest)" time="0.028" classname="QAMavenProject.MavenJava.AppTest"/>
  <testcase name="mobileAutomation1 on mobileAutomation1(QAMavenProject.MavenJava.AppiumTest)" time="0.002" classname="QAMavenProject.MavenJava.AppiumTest"/>
  <testcase name="mobileAutomation2 on mobileAutomation2(QAMavenProject.MavenJava.AppiumTest)" time="0.004" classname="QAMavenProject.MavenJava.AppiumTest"/>
  <testcase name="browserAutomation1 on browserAutomation1(QAMavenProject.MavenJava.SeleniumTest)" time="0.002" classname="QAMavenProject.MavenJava.SeleniumTest"/>
  <testcase name="browserAutomation2 on browserAutomation2(QAMavenProject.MavenJava.SeleniumTest)" time="0.002" classname="QAMavenProject.MavenJava.SeleniumTest"/>
  <testcase name="jiraAutomation1 on jiraAutomation1(QAMavenProject.MavenJava.RESTAPITest)" time="0.005" classname="QAMavenProject.MavenJava.RESTAPITest"/>
  <testcase name="jiraAutomation2 on jiraAutomation2(QAMavenProject.MavenJava.RESTAPITest)" time="0.007" classname="QAMavenProject.MavenJava.RESTAPITest"/>
</testsuite> <!-- Surefire test -->
