<?xml version="1.0" encoding="UTF-8"?>
<testng-results ignored="0" total="1" passed="1" failed="0" skipped="0">
  <reporter-output>
  </reporter-output>
  <suite started-at="2022-03-22T22:08:12 MYT" name="Default suite" finished-at="2022-03-22T22:08:24 MYT" duration-ms="11577">
    <groups>
    </groups>
    <test started-at="2022-03-22T22:08:12 MYT" name="Default test" finished-at="2022-03-22T22:08:24 MYT" duration-ms="11577">
      <class name="QAMavenProject.MavenJava.ExtentReportDemo">
        <test-method is-config="true" signature="config()[pri:0, instance:QAMavenProject.MavenJava.ExtentReportDemo@1151e434]" started-at="2022-03-22T22:08:12 MYT" name="config" finished-at="2022-03-22T22:08:13 MYT" duration-ms="354" status="PASS">
          <reporter-output>
          </reporter-output>
        </test-method> <!-- config -->
        <test-method signature="initialDemo()[pri:0, instance:QAMavenProject.MavenJava.ExtentReportDemo@1151e434]" started-at="2022-03-22T22:08:13 MYT" name="initialDemo" finished-at="2022-03-22T22:08:24 MYT" duration-ms="11173" status="PASS">
          <reporter-output>
          </reporter-output>
        </test-method> <!-- initialDemo -->
      </class> <!-- QAMavenProject.MavenJava.ExtentReportDemo -->
    </test> <!-- Default test -->
  </suite> <!-- Default suite -->
</testng-results>
